<?xml version="1.0" encoding="UTF-8"?>
<!-- Generated by org.testng.reporters.JUnitXMLReporter -->
<testsuite ignored="1" hostname="Sarvesh.local" failures="0" tests="12" name="Surefire test" time="0.098" errors="0" timestamp="2023-11-09T11:16:20 IST">
  <testcase classname="com.jcg.spring.jdbctemplate.SkipTest" name="divi" time="0.012"/>
  <testcase classname="com.jcg.spring.jdbctemplate.SkipTest" name="divi" time="0.0"/>
  <testcase classname="com.jcg.spring.jdbctemplate.SkipTest" name="divi" time="0.001"/>
  <testcase classname="com.jcg.spring.jdbctemplate.SkipTest" name="Arrange" time="0.003"/>
  <testcase classname="com.jcg.spring.jdbctemplate.SkipTest" name="Arrange" time="0.0"/>
  <testcase classname="com.jcg.spring.jdbctemplate.SkipTest" name="check" time="0.002"/>
  <testcase classname="com.jcg.spring.jdbctemplate.SkipTest" name="check" time="0.0"/>
  <testcase classname="com.jcg.spring.jdbctemplate.SkipTest" name="sub" time="0.001"/>
  <testcase classname="com.jcg.spring.jdbctemplate.SkipTest" name="sub" time="0.001"/>
  <testcase classname="com.jcg.spring.jdbctemplate.SkipTest" name="mul" time="0.001"/>
  <testcase classname="com.jcg.spring.jdbctemplate.SkipTest" name="mul" time="0.001"/>
  <testcase classname="com.jcg.spring.jdbctemplate.SkipTest" name="mul" time="0.001"/>
  <testcase classname="com.jcg.spring.jdbctemplate.SkipTest" name="checkcondition" time="0.0">
    <ignored/>
  </testcase> <!-- checkcondition -->
</testsuite> <!-- Surefire test -->
