<?xml version="1.0" encoding="UTF-8"?>
<testng-results ignored="1" total="13" passed="12" failed="0" skipped="0">
  <reporter-output>
    <line>
      <![CDATA[dataProvider used by  method is DP3]]>
    </line>
    <line>
      <![CDATA[dataProvider used by  method is DP3]]>
    </line>
    <line>
      <![CDATA[dataProvider used by  method is DP3]]>
    </line>
    <line>
      <![CDATA[dataProvider used by sub method is DP1]]>
    </line>
    <line>
      <![CDATA[dataProvider used by sub method is DP1]]>
    </line>
    <line>
      <![CDATA[dataProvider used by mul method is DP2]]>
    </line>
    <line>
      <![CDATA[dataProvider used by mul method is DP2]]>
    </line>
    <line>
      <![CDATA[dataProvider used by mul method is DP2]]>
    </line>
  </reporter-output>
  <suite started-at="2023-11-09T11:16:15 IST" name="Surefire suite" finished-at="2023-11-09T11:16:15 IST" duration-ms="98">
    <groups>
    </groups>
    <test started-at="2023-11-09T11:16:15 IST" name="Surefire test" finished-at="2023-11-09T11:16:15 IST" duration-ms="98">
      <class name="com.jcg.spring.jdbctemplate.SkipTest">
        <test-method signature="divi(int,int,int)[pri:-1, instance:com.jcg.spring.jdbctemplate.SkipTest@6fb0d3ed]" started-at="2023-11-09T11:16:15 IST" name="divi" data-provider="DP3" finished-at="2023-11-09T11:16:15 IST" duration-ms="12" status="PASS">
          <params>
            <param index="0">
              <value>
                <![CDATA[1]]>
              </value>
            </param>
            <param index="1">
              <value>
                <![CDATA[1]]>
              </value>
            </param>
            <param index="2">
              <value>
                <![CDATA[1]]>
              </value>
            </param>
          </params>
          <reporter-output>
            <line>
              <![CDATA[dataProvider used by  method is DP3]]>
            </line>
          </reporter-output>
        </test-method> <!-- divi -->
        <test-method signature="divi(int,int,int)[pri:-1, instance:com.jcg.spring.jdbctemplate.SkipTest@6fb0d3ed]" started-at="2023-11-09T11:16:15 IST" name="divi" data-provider="DP3" finished-at="2023-11-09T11:16:15 IST" duration-ms="0" status="PASS">
          <params>
            <param index="0">
              <value>
                <![CDATA[9]]>
              </value>
            </param>
            <param index="1">
              <value>
                <![CDATA[3]]>
              </value>
            </param>
            <param index="2">
              <value>
                <![CDATA[3]]>
              </value>
            </param>
          </params>
          <reporter-output>
            <line>
              <![CDATA[dataProvider used by  method is DP3]]>
            </line>
          </reporter-output>
        </test-method> <!-- divi -->
        <test-method signature="divi(int,int,int)[pri:-1, instance:com.jcg.spring.jdbctemplate.SkipTest@6fb0d3ed]" started-at="2023-11-09T11:16:15 IST" name="divi" data-provider="DP3" finished-at="2023-11-09T11:16:15 IST" duration-ms="1" status="PASS">
          <params>
            <param index="0">
              <value>
                <![CDATA[20]]>
              </value>
            </param>
            <param index="1">
              <value>
                <![CDATA[5]]>
              </value>
            </param>
            <param index="2">
              <value>
                <![CDATA[4]]>
              </value>
            </param>
          </params>
          <reporter-output>
            <line>
              <![CDATA[dataProvider used by  method is DP3]]>
            </line>
          </reporter-output>
        </test-method> <!-- divi -->
        <test-method signature="Arrange(java.lang.String,java.lang.String)[pri:0, instance:com.jcg.spring.jdbctemplate.SkipTest@6fb0d3ed]" started-at="2023-11-09T11:16:15 IST" name="Arrange" data-provider="DP5" finished-at="2023-11-09T11:16:15 IST" duration-ms="3" status="PASS">
          <params>
            <param index="0">
              <value>
                <![CDATA[direct]]>
              </value>
            </param>
            <param index="1">
              <value>
                <![CDATA[gamer]]>
              </value>
            </param>
          </params>
          <reporter-output>
          </reporter-output>
        </test-method> <!-- Arrange -->
        <test-method signature="Arrange(java.lang.String,java.lang.String)[pri:0, instance:com.jcg.spring.jdbctemplate.SkipTest@6fb0d3ed]" started-at="2023-11-09T11:16:15 IST" name="Arrange" data-provider="DP5" finished-at="2023-11-09T11:16:15 IST" duration-ms="0" status="PASS">
          <params>
            <param index="0">
              <value>
                <![CDATA[weather]]>
              </value>
            </param>
            <param index="1">
              <value>
                <![CDATA[Lend]]>
              </value>
            </param>
          </params>
          <reporter-output>
          </reporter-output>
        </test-method> <!-- Arrange -->
        <test-method signature="check(char,char,int)[pri:0, instance:com.jcg.spring.jdbctemplate.SkipTest@6fb0d3ed]" started-at="2023-11-09T11:16:15 IST" name="check" data-provider="DP4" finished-at="2023-11-09T11:16:15 IST" duration-ms="2" status="PASS">
          <params>
            <param index="0">
              <value>
                <![CDATA[a]]>
              </value>
            </param>
            <param index="1">
              <value>
                <![CDATA[b]]>
              </value>
            </param>
            <param index="2">
              <value>
                <![CDATA[195]]>
              </value>
            </param>
          </params>
          <reporter-output>
          </reporter-output>
        </test-method> <!-- check -->
        <test-method signature="check(char,char,int)[pri:0, instance:com.jcg.spring.jdbctemplate.SkipTest@6fb0d3ed]" started-at="2023-11-09T11:16:15 IST" name="check" data-provider="DP4" finished-at="2023-11-09T11:16:15 IST" duration-ms="0" status="PASS">
          <params>
            <param index="0">
              <value>
                <![CDATA[b]]>
              </value>
            </param>
            <param index="1">
              <value>
                <![CDATA[b]]>
              </value>
            </param>
            <param index="2">
              <value>
                <![CDATA[196]]>
              </value>
            </param>
          </params>
          <reporter-output>
          </reporter-output>
        </test-method> <!-- check -->
        <test-method signature="sub(int,int,int)[pri:1, instance:com.jcg.spring.jdbctemplate.SkipTest@6fb0d3ed]" started-at="2023-11-09T11:16:15 IST" name="sub" data-provider="DP1" finished-at="2023-11-09T11:16:15 IST" duration-ms="1" status="PASS">
          <params>
            <param index="0">
              <value>
                <![CDATA[23]]>
              </value>
            </param>
            <param index="1">
              <value>
                <![CDATA[34]]>
              </value>
            </param>
            <param index="2">
              <value>
                <![CDATA[-11]]>
              </value>
            </param>
          </params>
          <reporter-output>
            <line>
              <![CDATA[dataProvider used by sub method is DP1]]>
            </line>
          </reporter-output>
        </test-method> <!-- sub -->
        <test-method signature="sub(int,int,int)[pri:1, instance:com.jcg.spring.jdbctemplate.SkipTest@6fb0d3ed]" started-at="2023-11-09T11:16:15 IST" name="sub" data-provider="DP1" finished-at="2023-11-09T11:16:15 IST" duration-ms="1" status="PASS">
          <params>
            <param index="0">
              <value>
                <![CDATA[11]]>
              </value>
            </param>
            <param index="1">
              <value>
                <![CDATA[24]]>
              </value>
            </param>
            <param index="2">
              <value>
                <![CDATA[-13]]>
              </value>
            </param>
          </params>
          <reporter-output>
            <line>
              <![CDATA[dataProvider used by sub method is DP1]]>
            </line>
          </reporter-output>
        </test-method> <!-- sub -->
        <test-method signature="mul(int,int,int)[pri:2, instance:com.jcg.spring.jdbctemplate.SkipTest@6fb0d3ed]" started-at="2023-11-09T11:16:15 IST" name="mul" data-provider="DP2" finished-at="2023-11-09T11:16:15 IST" duration-ms="1" status="PASS">
          <params>
            <param index="0">
              <value>
                <![CDATA[12]]>
              </value>
            </param>
            <param index="1">
              <value>
                <![CDATA[12]]>
              </value>
            </param>
            <param index="2">
              <value>
                <![CDATA[144]]>
              </value>
            </param>
          </params>
          <reporter-output>
            <line>
              <![CDATA[dataProvider used by mul method is DP2]]>
            </line>
          </reporter-output>
        </test-method> <!-- mul -->
        <test-method signature="mul(int,int,int)[pri:2, instance:com.jcg.spring.jdbctemplate.SkipTest@6fb0d3ed]" started-at="2023-11-09T11:16:15 IST" name="mul" data-provider="DP2" finished-at="2023-11-09T11:16:15 IST" duration-ms="1" status="PASS">
          <params>
            <param index="0">
              <value>
                <![CDATA[44]]>
              </value>
            </param>
            <param index="1">
              <value>
                <![CDATA[1]]>
              </value>
            </param>
            <param index="2">
              <value>
                <![CDATA[44]]>
              </value>
            </param>
          </params>
          <reporter-output>
            <line>
              <![CDATA[dataProvider used by mul method is DP2]]>
            </line>
          </reporter-output>
        </test-method> <!-- mul -->
        <test-method signature="mul(int,int,int)[pri:2, instance:com.jcg.spring.jdbctemplate.SkipTest@6fb0d3ed]" started-at="2023-11-09T11:16:15 IST" name="mul" data-provider="DP2" finished-at="2023-11-09T11:16:15 IST" duration-ms="1" status="PASS">
          <params>
            <param index="0">
              <value>
                <![CDATA[12]]>
              </value>
            </param>
            <param index="1">
              <value>
                <![CDATA[13]]>
              </value>
            </param>
            <param index="2">
              <value>
                <![CDATA[156]]>
              </value>
            </param>
          </params>
          <reporter-output>
            <line>
              <![CDATA[dataProvider used by mul method is DP2]]>
            </line>
          </reporter-output>
        </test-method> <!-- mul -->
      </class> <!-- com.jcg.spring.jdbctemplate.SkipTest -->
    </test> <!-- Surefire test -->
  </suite> <!-- Surefire suite -->
</testng-results>
